<?xml version="1.0" encoding="UTF-8"?>
<!-- Generated by org.testng.reporters.JUnitReportReporter -->
<testsuite hostname="LAPTOP-84D7O3F5" failures="0" tests="5" name="com.fb.qa.testcases.LoginPageTest" time="22.210" errors="0" timestamp="21 Jul 2022 11:26:28 GMT" skipped="0">
  <testcase classname="com.fb.qa.testcases.LoginPageTest" name="fbLogoTest" time="2.623"/>
  <testcase classname="com.fb.qa.testcases.LoginPageTest" name="loginTest" time="2.516"/>
  <testcase classname="com.fb.qa.testcases.LoginPageTest" name="multipleLoginTest" time="5.469"/>
  <testcase classname="com.fb.qa.testcases.LoginPageTest" name="multipleLoginTest" time="5.517"/>
  <testcase classname="com.fb.qa.testcases.LoginPageTest" name="multipleLoginTest" time="6.085"/>
</testsuite> <!-- com.fb.qa.testcases.LoginPageTest -->
