<?xml version="1.0" encoding="UTF-8"?>
<!-- Generated by org.testng.reporters.JUnitReportReporter -->
<testsuite hostname="LAPTOP-84D7O3F5" failures="0" tests="2" name="com.fb.qa.testcases.GroupPageTest" time="35.663" errors="0" timestamp="20 Jul 2022 09:03:47 GMT" skipped="0">
  <testcase classname="com.fb.qa.testcases.GroupPageTest" name="verifyGrouplabelTest" time="18.230"/>
  <testcase classname="com.fb.qa.testcases.GroupPageTest" name="VerifyClickOnGroupLink" time="17.433"/>
</testsuite> <!-- com.fb.qa.testcases.GroupPageTest -->
