<?xml version="1.0" encoding="UTF-8"?>
<!-- Generated by org.testng.reporters.JUnitReportReporter -->
<testsuite hostname="LAPTOP-84D7O3F5" failures="0" tests="5" name="com.fb.qa.testcases.LoginPageTest" time="22.638" errors="0" timestamp="20 Jul 2022 09:05:58 GMT" skipped="0">
  <testcase classname="com.fb.qa.testcases.LoginPageTest" name="fbLogoTest" time="2.527"/>
  <testcase classname="com.fb.qa.testcases.LoginPageTest" name="loginTest" time="2.746"/>
  <testcase classname="com.fb.qa.testcases.LoginPageTest" name="multipleLoginTest" time="6.035"/>
  <testcase classname="com.fb.qa.testcases.LoginPageTest" name="multipleLoginTest" time="5.709"/>
  <testcase classname="com.fb.qa.testcases.LoginPageTest" name="multipleLoginTest" time="5.621"/>
</testsuite> <!-- com.fb.qa.testcases.LoginPageTest -->
