<?xml version="1.0" encoding="UTF-8"?>
<!-- Generated by org.testng.reporters.JUnitReportReporter -->
<testsuite hostname="LAPTOP-84D7O3F5" failures="0" tests="2" name="com.fb.qa.testcases.SignUpPageTest" time="6.373" errors="0" timestamp="20 Jul 2022 09:05:58 GMT" skipped="0">
  <testcase classname="com.fb.qa.testcases.SignUpPageTest" name="signUpPageTitleTest" time="2.387"/>
  <testcase classname="com.fb.qa.testcases.SignUpPageTest" name="SignUpTest" time="3.986"/>
</testsuite> <!-- com.fb.qa.testcases.SignUpPageTest -->
